2020-11-24 14:25:08 - [pid 23656] error: querySrv ETIMEOUT _mongodb._tcp.blackstory.cxphh.mongodb.net
2020-11-24 15:09:11 - [pid 28024] error: querySrv ETIMEOUT _mongodb._tcp.blackstory.cxphh.mongodb.net
2020-11-24 15:12:48 - [pid 15072] error: querySrv EREFUSED _mongodb._tcp.blackstory.cxphh.mongodb.net
2020-11-24 15:12:51 - [pid 21364] error: querySrv EREFUSED _mongodb._tcp.blackstory.cxphh.mongodb.net
2020-11-24 18:31:48 - [pid 28252] error: node_redis: The GET command contains a invalid argument type of "undefined".
Only strings, dates and buffers are accepted. Please update your code to use valid argument types.
2020-11-24 18:38:54 - [pid 9280] error: node_redis: The GET command contains a invalid argument type of "undefined".
Only strings, dates and buffers are accepted. Please update your code to use valid argument types.
2020-11-24 18:39:21 - [pid 20844] error: node_redis: The GET command contains a invalid argument type of "undefined".
Only strings, dates and buffers are accepted. Please update your code to use valid argument types.
2020-11-24 18:44:22 - [pid 20028] error: node_redis: The GET command contains a invalid argument type of "undefined".
Only strings, dates and buffers are accepted. Please update your code to use valid argument types.
2020-11-24 18:49:21 - [pid 25736] error: node_redis: The GET command contains a invalid argument type of "undefined".
Only strings, dates and buffers are accepted. Please update your code to use valid argument types.
2020-11-24 18:49:49 - [pid 22096] error: node_redis: The GET command contains a invalid argument type of "undefined".
Only strings, dates and buffers are accepted. Please update your code to use valid argument types.
2020-11-24 18:50:25 - [pid 27764] error: node_redis: The GET command contains a invalid argument type of "undefined".
Only strings, dates and buffers are accepted. Please update your code to use valid argument types.
2020-11-24 18:50:27 - [pid 27764] error: node_redis: The GET command contains a invalid argument type of "undefined".
Only strings, dates and buffers are accepted. Please update your code to use valid argument types.
2020-11-24 18:53:37 - [pid 27608] error: node_redis: The GET command contains a invalid argument type of "undefined".
Only strings, dates and buffers are accepted. Please update your code to use valid argument types.
2020-11-24 18:55:37 - [pid 25264] error: node_redis: The GET command contains a invalid argument type.
Only strings, dates and buffers are accepted. Please update your code to use valid argument types.
2020-11-24 18:59:41 - [pid 7332] error: node_redis: The GET command contains a invalid argument type of "undefined".
Only strings, dates and buffers are accepted. Please update your code to use valid argument types.
2020-11-24 19:00:19 - [pid 23840] error: node_redis: The GET command contains a invalid argument type of "undefined".
Only strings, dates and buffers are accepted. Please update your code to use valid argument types.
2020-11-24 19:01:03 - [pid 27696] error: node_redis: The GET command contains a invalid argument type of "undefined".
Only strings, dates and buffers are accepted. Please update your code to use valid argument types.
2020-11-24 19:01:59 - [pid 6716] error: node_redis: The GET command contains a invalid argument type of "undefined".
Only strings, dates and buffers are accepted. Please update your code to use valid argument types.
2020-11-24 19:04:13 - [pid 6816] error: node_redis: The SETEX command contains a invalid argument type.
Only strings, dates and buffers are accepted. Please update your code to use valid argument types.
2020-11-24 19:04:26 - [pid 6816] error: node_redis: The SETEX command contains a invalid argument type.
Only strings, dates and buffers are accepted. Please update your code to use valid argument types.
2020-11-24 19:08:20 - [pid 29156] error: queryTxt ETIMEOUT blackstory.cxphh.mongodb.net
2020-11-24 19:09:17 - [pid 17524] error: node_redis: The SETEX command contains a invalid argument type.
Only strings, dates and buffers are accepted. Please update your code to use valid argument types.
2020-11-24 19:09:45 - [pid 23928] error: node_redis: The SETEX command contains a invalid argument type.
Only strings, dates and buffers are accepted. Please update your code to use valid argument types.
2020-11-24 19:10:07 - [pid 28244] error: node_redis: The SETEX command contains a invalid argument type.
Only strings, dates and buffers are accepted. Please update your code to use valid argument types.
2020-11-24 19:10:37 - [pid 15004] error: node_redis: The SETEX command contains a invalid argument type.
Only strings, dates and buffers are accepted. Please update your code to use valid argument types.
2020-11-24 19:13:33 - [pid 22768] error: node_redis: The SETEX command contains a invalid argument type.
Only strings, dates and buffers are accepted. Please update your code to use valid argument types.
2020-11-24 19:17:39 - [pid 28968] error: node_redis: The GET command contains a invalid argument type.
Only strings, dates and buffers are accepted. Please update your code to use valid argument types.
2020-11-24 19:32:51 - [pid 23944] error: node_redis: The GET command contains a invalid argument type.
Only strings, dates and buffers are accepted. Please update your code to use valid argument types.
2020-11-24 20:13:32 - [pid 16860] error: node_redis: The SETEX command contains a invalid argument type.
Only strings, dates and buffers are accepted. Please update your code to use valid argument types.
2020-11-24 20:13:37 - [pid 16860] error: node_redis: The SETEX command contains a invalid argument type.
Only strings, dates and buffers are accepted. Please update your code to use valid argument types.
2020-11-24 20:13:40 - [pid 16860] error: node_redis: The SETEX command contains a invalid argument type.
Only strings, dates and buffers are accepted. Please update your code to use valid argument types.
2020-11-24 20:13:44 - [pid 16860] error: node_redis: The SETEX command contains a invalid argument type.
Only strings, dates and buffers are accepted. Please update your code to use valid argument types.
2020-11-24 20:13:47 - [pid 16860] error: node_redis: The SETEX command contains a invalid argument type.
Only strings, dates and buffers are accepted. Please update your code to use valid argument types.
2020-11-24 20:13:51 - [pid 16860] error: node_redis: The SETEX command contains a invalid argument type.
Only strings, dates and buffers are accepted. Please update your code to use valid argument types.
