::1 - - [24/Nov/2020:16:49:05 +0000] "POST /api/user/signin HTTP/1.1" 202 208 "-" "PostmanRuntime/7.26.8"
::1 - - [24/Nov/2020:16:49:33 +0000] "GET /api/search/dev HTTP/1.1" 302 1009 "-" "PostmanRuntime/7.26.8"
::1 - - [24/Nov/2020:16:49:38 +0000] "GET /api/search/dev HTTP/1.1" 302 1009 "-" "PostmanRuntime/7.26.8"
::1 - - [24/Nov/2020:16:49:41 +0000] "GET /api/search/dev HTTP/1.1" 302 1009 "-" "PostmanRuntime/7.26.8"
::1 - - [24/Nov/2020:16:49:43 +0000] "GET /api/search/dev HTTP/1.1" 302 1009 "-" "PostmanRuntime/7.26.8"
::1 - - [24/Nov/2020:16:49:44 +0000] "GET /api/search/dev HTTP/1.1" 302 1009 "-" "PostmanRuntime/7.26.8"
::1 - - [24/Nov/2020:16:49:50 +0000] "GET /api/search/dev HTTP/1.1" 302 1009 "-" "PostmanRuntime/7.26.8"
::1 - - [24/Nov/2020:16:49:55 +0000] "GET /api/search/dev HTTP/1.1" 302 1009 "-" "PostmanRuntime/7.26.8"
::1 - - [24/Nov/2020:16:51:59 +0000] "GET /api/search/dev HTTP/1.1" 302 1009 "-" "PostmanRuntime/7.26.8"
::1 - - [24/Nov/2020:16:52:01 +0000] "GET /api/search/dev HTTP/1.1" 302 1009 "-" "PostmanRuntime/7.26.8"
::1 - - [24/Nov/2020:16:52:04 +0000] "GET /api/search/dev HTTP/1.1" 302 1009 "-" "PostmanRuntime/7.26.8"
::1 - - [24/Nov/2020:16:52:06 +0000] "GET /api/search/dev HTTP/1.1" 302 1009 "-" "PostmanRuntime/7.26.8"
::1 - - [24/Nov/2020:16:52:08 +0000] "GET /api/search/dev HTTP/1.1" 302 1009 "-" "PostmanRuntime/7.26.8"
::1 - - [24/Nov/2020:16:52:11 +0000] "GET /api/search/dev HTTP/1.1" 302 1009 "-" "PostmanRuntime/7.26.8"
::1 - - [24/Nov/2020:16:52:56 +0000] "GET /api/search/dev HTTP/1.1" 302 1009 "-" "PostmanRuntime/7.26.8"
::1 - - [24/Nov/2020:16:53:00 +0000] "GET /api/search/dev HTTP/1.1" 302 1009 "-" "PostmanRuntime/7.26.8"
::1 - - [24/Nov/2020:16:53:02 +0000] "GET /api/search/dev HTTP/1.1" 302 1009 "-" "PostmanRuntime/7.26.8"
::1 - - [24/Nov/2020:16:53:04 +0000] "GET /api/search/dev HTTP/1.1" 302 1009 "-" "PostmanRuntime/7.26.8"
::1 - - [24/Nov/2020:16:53:06 +0000] "GET /api/search/dev HTTP/1.1" 302 1009 "-" "PostmanRuntime/7.26.8"
::1 - - [24/Nov/2020:16:53:08 +0000] "GET /api/search/dev HTTP/1.1" 302 1009 "-" "PostmanRuntime/7.26.8"
::1 - - [24/Nov/2020:16:53:10 +0000] "GET /api/search/dev HTTP/1.1" 302 1009 "-" "PostmanRuntime/7.26.8"
::1 - - [24/Nov/2020:16:53:12 +0000] "GET /api/search/dev HTTP/1.1" 302 1009 "-" "PostmanRuntime/7.26.8"
::1 - - [24/Nov/2020:16:53:14 +0000] "GET /api/search/dev HTTP/1.1" 302 1009 "-" "PostmanRuntime/7.26.8"
::1 - - [24/Nov/2020:16:53:15 +0000] "GET /api/search/dev HTTP/1.1" 302 1009 "-" "PostmanRuntime/7.26.8"
::1 - - [24/Nov/2020:16:53:17 +0000] "GET /api/search/dev HTTP/1.1" 302 1009 "-" "PostmanRuntime/7.26.8"
::1 - - [24/Nov/2020:16:53:19 +0000] "GET /api/search/dev HTTP/1.1" 302 1009 "-" "PostmanRuntime/7.26.8"
::1 - - [24/Nov/2020:16:53:21 +0000] "GET /api/search/dev HTTP/1.1" 302 1009 "-" "PostmanRuntime/7.26.8"
::1 - - [24/Nov/2020:16:53:23 +0000] "GET /api/search/dev HTTP/1.1" 302 1009 "-" "PostmanRuntime/7.26.8"
::1 - - [24/Nov/2020:16:53:25 +0000] "GET /api/search/dev HTTP/1.1" 302 1009 "-" "PostmanRuntime/7.26.8"
::1 - - [24/Nov/2020:16:53:26 +0000] "GET /api/search/dev HTTP/1.1" 302 1009 "-" "PostmanRuntime/7.26.8"
::1 - - [24/Nov/2020:16:56:33 +0000] "GET /api/search/dev HTTP/1.1" 302 1009 "-" "PostmanRuntime/7.26.8"
::1 - - [24/Nov/2020:16:58:19 +0000] "GET /api/search/dev HTTP/1.1" 302 1009 "-" "PostmanRuntime/7.26.8"
::1 - - [24/Nov/2020:16:58:23 +0000] "GET /api/search/dev HTTP/1.1" 302 1009 "-" "PostmanRuntime/7.26.8"
::1 - - [24/Nov/2020:16:59:16 +0000] "GET /api/search/dev HTTP/1.1" 302 1009 "-" "PostmanRuntime/7.26.8"
::1 - - [24/Nov/2020:16:59:18 +0000] "GET /api/search/dev HTTP/1.1" 302 1009 "-" "PostmanRuntime/7.26.8"
::1 - - [24/Nov/2020:16:59:21 +0000] "GET /api/search/dev HTTP/1.1" 302 1009 "-" "PostmanRuntime/7.26.8"
::1 - - [24/Nov/2020:16:59:22 +0000] "GET /api/search/dev HTTP/1.1" 302 1009 "-" "PostmanRuntime/7.26.8"
::1 - - [24/Nov/2020:16:59:26 +0000] "GET /api/search/dev HTTP/1.1" 302 1009 "-" "PostmanRuntime/7.26.8"
::1 - - [24/Nov/2020:16:59:29 +0000] "GET /api/search/dev HTTP/1.1" 302 1009 "-" "PostmanRuntime/7.26.8"
::1 - - [24/Nov/2020:16:59:31 +0000] "GET /api/search/dev HTTP/1.1" 302 1009 "-" "PostmanRuntime/7.26.8"
::1 - - [24/Nov/2020:16:59:32 +0000] "GET /api/search/dev HTTP/1.1" 302 1009 "-" "PostmanRuntime/7.26.8"
::1 - - [24/Nov/2020:16:59:34 +0000] "GET /api/search/dev HTTP/1.1" 302 1009 "-" "PostmanRuntime/7.26.8"
::1 - - [24/Nov/2020:16:59:41 +0000] "GET /api/search/dev HTTP/1.1" 302 1009 "-" "PostmanRuntime/7.26.8"
::1 - - [24/Nov/2020:16:59:45 +0000] "GET /api/search/dev HTTP/1.1" 302 1009 "-" "PostmanRuntime/7.26.8"
::1 - - [24/Nov/2020:16:59:48 +0000] "GET /api/search/dev HTTP/1.1" 302 1009 "-" "PostmanRuntime/7.26.8"
::1 - - [24/Nov/2020:16:59:50 +0000] "GET /api/search/dev HTTP/1.1" 302 1009 "-" "PostmanRuntime/7.26.8"
::1 - - [24/Nov/2020:16:59:52 +0000] "GET /api/search/dev HTTP/1.1" 302 1009 "-" "PostmanRuntime/7.26.8"
::1 - - [24/Nov/2020:16:59:55 +0000] "GET /api/search/dev HTTP/1.1" 302 1009 "-" "PostmanRuntime/7.26.8"
::1 - - [24/Nov/2020:16:59:57 +0000] "GET /api/search/dev HTTP/1.1" 302 1009 "-" "PostmanRuntime/7.26.8"
::1 - - [24/Nov/2020:16:59:58 +0000] "GET /api/search/dev HTTP/1.1" 302 1009 "-" "PostmanRuntime/7.26.8"
::1 - - [24/Nov/2020:17:00:00 +0000] "GET /api/search/dev HTTP/1.1" 302 1009 "-" "PostmanRuntime/7.26.8"
::1 - - [24/Nov/2020:17:00:03 +0000] "GET /api/search/dev HTTP/1.1" 302 1009 "-" "PostmanRuntime/7.26.8"
::1 - - [24/Nov/2020:17:24:50 +0000] "GET /api/search/dev HTTP/1.1" 302 1009 "-" "PostmanRuntime/7.26.8"
::1 - - [24/Nov/2020:17:24:52 +0000] "GET /api/search/dev HTTP/1.1" 302 1009 "-" "PostmanRuntime/7.26.8"
::1 - - [24/Nov/2020:17:24:55 +0000] "GET /api/search/dev HTTP/1.1" 302 1009 "-" "PostmanRuntime/7.26.8"
::1 - - [24/Nov/2020:17:24:57 +0000] "GET /api/search/dev HTTP/1.1" 302 1009 "-" "PostmanRuntime/7.26.8"
::1 - - [24/Nov/2020:17:25:00 +0000] "GET /api/search/dev HTTP/1.1" 302 1009 "-" "PostmanRuntime/7.26.8"
::1 - - [24/Nov/2020:17:25:03 +0000] "GET /api/search/dev HTTP/1.1" 302 1009 "-" "PostmanRuntime/7.26.8"
::1 - - [24/Nov/2020:17:25:05 +0000] "GET /api/search/dev HTTP/1.1" 302 1009 "-" "PostmanRuntime/7.26.8"
::1 - - [24/Nov/2020:17:25:08 +0000] "GET /api/search/dev HTTP/1.1" 302 1009 "-" "PostmanRuntime/7.26.8"
::1 - - [24/Nov/2020:17:25:09 +0000] "GET /api/search/dev HTTP/1.1" 302 1009 "-" "PostmanRuntime/7.26.8"
::1 - - [24/Nov/2020:17:25:11 +0000] "GET /api/search/dev HTTP/1.1" 302 1009 "-" "PostmanRuntime/7.26.8"
::1 - - [24/Nov/2020:17:31:38 +0000] "GET /api/user/profile/@dev HTTP/1.1" 401 58 "-" "PostmanRuntime/7.26.8"
::1 - - [24/Nov/2020:17:31:48 +0000] "GET /api/user/profile/@dev HTTP/1.1" 500 2086 "-" "PostmanRuntime/7.26.8"
::1 - - [24/Nov/2020:17:38:54 +0000] "GET /api/user/profile/@dev HTTP/1.1" 500 2086 "-" "PostmanRuntime/7.26.8"
::1 - - [24/Nov/2020:17:39:21 +0000] "GET /api/user/profile/@dev HTTP/1.1" 500 2086 "-" "PostmanRuntime/7.26.8"
::1 - - [24/Nov/2020:17:44:22 +0000] "GET /api/user/profile/@dev HTTP/1.1" 500 2086 "-" "PostmanRuntime/7.26.8"
::1 - - [24/Nov/2020:17:48:40 +0000] "GET /api/user/profile/@dev HTTP/1.1" 500 1996 "-" "PostmanRuntime/7.26.8"
::1 - - [24/Nov/2020:17:49:21 +0000] "GET /api/user/profile/@dev HTTP/1.1" 500 2086 "-" "PostmanRuntime/7.26.8"
::1 - - [24/Nov/2020:17:49:49 +0000] "GET /api/user/profile/@dev HTTP/1.1" 500 2086 "-" "PostmanRuntime/7.26.8"
::1 - - [24/Nov/2020:17:50:25 +0000] "GET /api/user/profile/dev HTTP/1.1" 500 2086 "-" "PostmanRuntime/7.26.8"
::1 - - [24/Nov/2020:17:50:27 +0000] "GET /api/user/profile/dev HTTP/1.1" 500 2086 "-" "PostmanRuntime/7.26.8"
::1 - - [24/Nov/2020:17:53:37 +0000] "GET /api/user/profile/@dev HTTP/1.1" 500 2086 "-" "PostmanRuntime/7.26.8"
::1 - - [24/Nov/2020:17:55:37 +0000] "GET /api/user/profile/@dev HTTP/1.1" 500 2061 "-" "PostmanRuntime/7.26.8"
::1 - - [24/Nov/2020:17:59:41 +0000] "GET /api/user/profile/@dev HTTP/1.1" 500 2086 "-" "PostmanRuntime/7.26.8"
::1 - - [24/Nov/2020:18:00:19 +0000] "GET /api/user/profile/@dev HTTP/1.1" 500 2086 "-" "PostmanRuntime/7.26.8"
::1 - - [24/Nov/2020:18:01:03 +0000] "GET /api/user/profile/@dev HTTP/1.1" 500 2086 "-" "PostmanRuntime/7.26.8"
::1 - - [24/Nov/2020:18:01:59 +0000] "GET /api/user/profile/@dev HTTP/1.1" 500 2087 "-" "PostmanRuntime/7.26.8"
::1 - - [24/Nov/2020:18:04:13 +0000] "GET /api/user/profile/@dev HTTP/1.1" 417 1569 "-" "PostmanRuntime/7.26.8"
::1 - - [24/Nov/2020:18:04:26 +0000] "GET /api/user/profile/@dev HTTP/1.1" 417 1569 "-" "PostmanRuntime/7.26.8"
::1 - - [24/Nov/2020:18:09:17 +0000] "GET /api/user/profile/@dev HTTP/1.1" 417 1569 "-" "PostmanRuntime/7.26.8"
::1 - - [24/Nov/2020:18:09:45 +0000] "GET /api/user/profile/@dev HTTP/1.1" 417 1569 "-" "PostmanRuntime/7.26.8"
::1 - - [24/Nov/2020:18:10:07 +0000] "GET /api/user/profile/@dev HTTP/1.1" 417 1569 "-" "PostmanRuntime/7.26.8"
::1 - - [24/Nov/2020:18:10:37 +0000] "GET /api/user/profile/@dev HTTP/1.1" 417 1578 "-" "PostmanRuntime/7.26.8"
::1 - - [24/Nov/2020:18:13:33 +0000] "GET /api/user/profile/@dev HTTP/1.1" 417 1569 "-" "PostmanRuntime/7.26.8"
::1 - - [24/Nov/2020:18:14:41 +0000] "GET /api/user/profile/@dev HTTP/1.1" 302 1512 "-" "PostmanRuntime/7.26.8"
::1 - - [24/Nov/2020:18:14:47 +0000] "GET /api/user/profile/@dev HTTP/1.1" 200 3 "-" "PostmanRuntime/7.26.8"
::1 - - [24/Nov/2020:18:14:53 +0000] "GET /api/user/profile/@dev HTTP/1.1" 200 3 "-" "PostmanRuntime/7.26.8"
::1 - - [24/Nov/2020:18:17:39 +0000] "GET /api/user/profile/@dev HTTP/1.1" 500 2062 "-" "PostmanRuntime/7.26.8"
::1 - - [24/Nov/2020:18:18:10 +0000] "GET /api/user/profile/@dev HTTP/1.1" 200 1479 "-" "PostmanRuntime/7.26.8"
::1 - - [24/Nov/2020:18:18:29 +0000] "GET /api/user/profile/@dev HTTP/1.1" 200 1479 "-" "PostmanRuntime/7.26.8"
::1 - - [24/Nov/2020:18:18:31 +0000] "GET /api/user/profile/@dev HTTP/1.1" 200 1479 "-" "PostmanRuntime/7.26.8"
::1 - - [24/Nov/2020:18:22:42 +0000] "GET /api/user/profile/@dev HTTP/1.1" 302 1512 "-" "PostmanRuntime/7.26.8"
::1 - - [24/Nov/2020:18:22:48 +0000] "GET /api/user/profile/@dev HTTP/1.1" 200 2633 "-" "PostmanRuntime/7.26.8"
::1 - - [24/Nov/2020:18:22:58 +0000] "GET /api/user/profile/@dev HTTP/1.1" 200 2633 "-" "PostmanRuntime/7.26.8"
::1 - - [24/Nov/2020:18:23:03 +0000] "GET /api/user/profile/@dev HTTP/1.1" 200 2633 "-" "PostmanRuntime/7.26.8"
::1 - - [24/Nov/2020:18:23:06 +0000] "GET /api/user/profile/@dev HTTP/1.1" 200 2633 "-" "PostmanRuntime/7.26.8"
::1 - - [24/Nov/2020:18:23:08 +0000] "GET /api/user/profile/@dev HTTP/1.1" 200 2633 "-" "PostmanRuntime/7.26.8"
::1 - - [24/Nov/2020:18:29:20 +0000] "GET /api/user/profile/@dev HTTP/1.1" 302 1512 "-" "PostmanRuntime/7.26.8"
::1 - - [24/Nov/2020:18:29:27 +0000] "GET /api/user/profile/@dev HTTP/1.1" 302 1512 "-" "PostmanRuntime/7.26.8"
::1 - - [24/Nov/2020:18:29:32 +0000] "GET /api/user/profile/@dev HTTP/1.1" 302 1512 "-" "PostmanRuntime/7.26.8"
::1 - - [24/Nov/2020:18:32:13 +0000] "GET /api/user/profile/@dev HTTP/1.1" 302 1512 "-" "PostmanRuntime/7.26.8"
::1 - - [24/Nov/2020:18:32:36 +0000] "GET /api/user/profile/@dev HTTP/1.1" 302 1512 "-" "PostmanRuntime/7.26.8"
::1 - - [24/Nov/2020:18:32:51 +0000] "GET /api/user/profile/@dev HTTP/1.1" 500 2062 "-" "PostmanRuntime/7.26.8"
::1 - - [24/Nov/2020:18:36:09 +0000] "GET /api/user/profile/@dev HTTP/1.1" 500 1868 "-" "PostmanRuntime/7.26.8"
::1 - - [24/Nov/2020:18:59:03 +0000] "GET /api/user/profile/@dev HTTP/1.1" 302 1512 "-" "PostmanRuntime/7.26.8"
::1 - - [24/Nov/2020:18:59:09 +0000] "GET /api/user/profile/@dev HTTP/1.1" 302 1512 "-" "PostmanRuntime/7.26.8"
::1 - - [24/Nov/2020:18:59:13 +0000] "GET /api/user/profile/@dev HTTP/1.1" 302 1512 "-" "PostmanRuntime/7.26.8"
::1 - - [24/Nov/2020:19:00:29 +0000] "GET /api/user/profile/@dev HTTP/1.1" 302 1512 "-" "PostmanRuntime/7.26.8"
::1 - - [24/Nov/2020:19:00:33 +0000] "GET /api/user/profile/@dev HTTP/1.1" 302 1512 "-" "PostmanRuntime/7.26.8"
::1 - - [24/Nov/2020:19:12:18 +0000] "GET /api/user/profile/@dev HTTP/1.1" 302 1512 "-" "PostmanRuntime/7.26.8"
::1 - - [24/Nov/2020:19:12:23 +0000] "GET /api/user/profile/@dev HTTP/1.1" 302 1512 "-" "PostmanRuntime/7.26.8"
::1 - - [24/Nov/2020:19:13:05 +0000] "GET /api/user/profile/@dev HTTP/1.1" 302 1512 "-" "PostmanRuntime/7.26.8"
::1 - - [24/Nov/2020:19:13:08 +0000] "GET /api/user/profile/@dev HTTP/1.1" 200 2633 "-" "PostmanRuntime/7.26.8"
::1 - - [24/Nov/2020:19:13:14 +0000] "GET /api/user/profile/@dev HTTP/1.1" 200 2633 "-" "PostmanRuntime/7.26.8"
::1 - - [24/Nov/2020:19:13:17 +0000] "GET /api/user/profile/@dev HTTP/1.1" 200 2633 "-" "PostmanRuntime/7.26.8"
::1 - - [24/Nov/2020:19:13:32 +0000] "GET /api/user/profile/@anotherdev HTTP/1.1" 417 984 "-" "PostmanRuntime/7.26.8"
::1 - - [24/Nov/2020:19:13:37 +0000] "GET /api/user/profile/@anotherdev HTTP/1.1" 417 984 "-" "PostmanRuntime/7.26.8"
::1 - - [24/Nov/2020:19:13:40 +0000] "GET /api/user/profile/@anotherdev HTTP/1.1" 417 984 "-" "PostmanRuntime/7.26.8"
::1 - - [24/Nov/2020:19:13:44 +0000] "GET /api/user/profile/@anotherdev HTTP/1.1" 417 984 "-" "PostmanRuntime/7.26.8"
::1 - - [24/Nov/2020:19:13:47 +0000] "GET /api/user/profile/@anotherdev HTTP/1.1" 417 984 "-" "PostmanRuntime/7.26.8"
::1 - - [24/Nov/2020:19:13:51 +0000] "GET /api/user/profile/@anotherdev HTTP/1.1" 417 984 "-" "PostmanRuntime/7.26.8"
::1 - - [24/Nov/2020:19:16:07 +0000] "GET /api/user/profile/@anotherdev HTTP/1.1" 302 920 "-" "PostmanRuntime/7.26.8"
::1 - - [24/Nov/2020:19:16:10 +0000] "GET /api/user/profile/@anotherdev HTTP/1.1" 200 1620 "-" "PostmanRuntime/7.26.8"
::1 - - [24/Nov/2020:19:16:17 +0000] "GET /api/user/profile/@anotherdev HTTP/1.1" 200 1620 "-" "PostmanRuntime/7.26.8"
::1 - - [24/Nov/2020:19:16:19 +0000] "GET /api/user/profile/@anotherdev HTTP/1.1" 200 1620 "-" "PostmanRuntime/7.26.8"
::1 - - [24/Nov/2020:19:16:26 +0000] "GET /api/user/profile/@dev HTTP/1.1" 200 2633 "-" "PostmanRuntime/7.26.8"
::1 - - [24/Nov/2020:19:16:29 +0000] "GET /api/user/profile/@dev HTTP/1.1" 200 2633 "-" "PostmanRuntime/7.26.8"
::1 - - [24/Nov/2020:19:17:35 +0000] "GET /api/user/profile/@dev HTTP/1.1" 200 2633 "-" "PostmanRuntime/7.26.8"
::1 - - [24/Nov/2020:19:17:38 +0000] "GET /api/user/profile/@dev HTTP/1.1" 200 2633 "-" "PostmanRuntime/7.26.8"
::1 - - [24/Nov/2020:19:17:47 +0000] "GET /api/user/profile/@kll HTTP/1.1" 404 44 "-" "PostmanRuntime/7.26.8"
::1 - - [24/Nov/2020:19:17:50 +0000] "GET /api/user/profile/@kll HTTP/1.1" 404 44 "-" "PostmanRuntime/7.26.8"
::1 - - [24/Nov/2020:19:18:01 +0000] "GET /api/user/profile/@dev HTTP/1.1" 200 2633 "-" "PostmanRuntime/7.26.8"
::1 - - [24/Nov/2020:19:26:51 +0000] "GET /api/user/profile/@dev HTTP/1.1" 302 1512 "-" "PostmanRuntime/7.26.8"
::1 - - [24/Nov/2020:19:26:56 +0000] "GET /api/user/profile/@dev HTTP/1.1" 200 2633 "-" "PostmanRuntime/7.26.8"
::1 - - [24/Nov/2020:19:26:59 +0000] "GET /api/user/profile/@dev HTTP/1.1" 200 2633 "-" "PostmanRuntime/7.26.8"
::1 - - [24/Nov/2020:19:27:09 +0000] "GET /api/user/profile/@anotherdev HTTP/1.1" 302 920 "-" "PostmanRuntime/7.26.8"
::1 - - [24/Nov/2020:19:27:12 +0000] "GET /api/user/profile/@anotherdev HTTP/1.1" 200 1620 "-" "PostmanRuntime/7.26.8"
::1 - - [24/Nov/2020:19:27:15 +0000] "GET /api/user/profile/@anotherdev HTTP/1.1" 200 1620 "-" "PostmanRuntime/7.26.8"
::1 - - [24/Nov/2020:19:27:17 +0000] "GET /api/user/profile/@anotherdev HTTP/1.1" 200 1620 "-" "PostmanRuntime/7.26.8"
::1 - - [24/Nov/2020:19:41:04 +0000] "GET /api/user/profile/@anotherdev HTTP/1.1" 302 920 "-" "PostmanRuntime/7.26.8"
::1 - - [24/Nov/2020:19:41:08 +0000] "GET /api/user/profile/@anotherdev HTTP/1.1" 200 887 "-" "PostmanRuntime/7.26.8"
::1 - - [24/Nov/2020:19:41:10 +0000] "GET /api/user/profile/@anotherdev HTTP/1.1" 200 887 "-" "PostmanRuntime/7.26.8"
::1 - - [24/Nov/2020:19:44:22 +0000] "GET /api/user/profile/@anotherdev HTTP/1.1" 200 887 "-" "PostmanRuntime/7.26.8"
::1 - - [24/Nov/2020:19:44:23 +0000] "GET /api/user/profile/@anotherdev HTTP/1.1" 200 887 "-" "PostmanRuntime/7.26.8"
::1 - - [25/Nov/2020:09:43:28 +0000] "POST /api/user/signin HTTP/1.1" 202 208 "-" "PostmanRuntime/7.26.8"
::1 - - [25/Nov/2020:09:45:41 +0000] "GET /api/log/transactions HTTP/1.1" 417 52 "-" "PostmanRuntime/7.26.8"
::1 - - [25/Nov/2020:09:46:45 +0000] "GET /api/log/transactions HTTP/1.1" 417 52 "-" "PostmanRuntime/7.26.8"
::1 - - [25/Nov/2020:09:47:52 +0000] "GET /api/log/transactions HTTP/1.1" 302 910 "-" "PostmanRuntime/7.26.8"
::1 - - [25/Nov/2020:09:47:58 +0000] "GET /api/log/transactions HTTP/1.1" 200 877 "-" "PostmanRuntime/7.26.8"
::1 - - [25/Nov/2020:09:48:02 +0000] "GET /api/log/transactions HTTP/1.1" 200 877 "-" "PostmanRuntime/7.26.8"
::1 - - [25/Nov/2020:09:48:05 +0000] "GET /api/log/transactions HTTP/1.1" 200 877 "-" "PostmanRuntime/7.26.8"
::1 - - [25/Nov/2020:09:48:07 +0000] "GET /api/log/transactions HTTP/1.1" 200 877 "-" "PostmanRuntime/7.26.8"
::1 - - [25/Nov/2020:10:18:46 +0000] "GET /api/countries HTTP/1.1" 302 367 "-" "PostmanRuntime/7.26.8"
::1 - - [25/Nov/2020:10:18:47 +0000] "GET /api/countries HTTP/1.1" 302 367 "-" "PostmanRuntime/7.26.8"
::1 - - [25/Nov/2020:10:18:48 +0000] "GET /api/countries HTTP/1.1" 302 367 "-" "PostmanRuntime/7.26.8"
::1 - - [25/Nov/2020:10:18:49 +0000] "GET /api/countries HTTP/1.1" 302 367 "-" "PostmanRuntime/7.26.8"
::1 - - [25/Nov/2020:10:18:50 +0000] "GET /api/countries HTTP/1.1" 302 367 "-" "PostmanRuntime/7.26.8"
::1 - - [25/Nov/2020:10:19:00 +0000] "GET /api/bankdata HTTP/1.1" 302 5365 "-" "PostmanRuntime/7.26.8"
::1 - - [25/Nov/2020:10:20:19 +0000] "GET /api/bankdata HTTP/1.1" 302 5365 "-" "PostmanRuntime/7.26.8"
::1 - - [25/Nov/2020:10:20:51 +0000] "GET /api/bankdata HTTP/1.1" 200 5332 "-" "PostmanRuntime/7.26.8"
::1 - - [25/Nov/2020:10:20:53 +0000] "GET /api/bankdata HTTP/1.1" 200 5332 "-" "PostmanRuntime/7.26.8"
::1 - - [25/Nov/2020:10:20:54 +0000] "GET /api/bankdata HTTP/1.1" 200 5332 "-" "PostmanRuntime/7.26.8"
::1 - - [25/Nov/2020:10:20:55 +0000] "GET /api/bankdata HTTP/1.1" 200 5332 "-" "PostmanRuntime/7.26.8"
::1 - - [25/Nov/2020:10:20:56 +0000] "GET /api/bankdata HTTP/1.1" 200 5332 "-" "PostmanRuntime/7.26.8"
::1 - - [25/Nov/2020:10:20:57 +0000] "GET /api/bankdata HTTP/1.1" 200 5332 "-" "PostmanRuntime/7.26.8"
::1 - - [25/Nov/2020:10:20:58 +0000] "GET /api/bankdata HTTP/1.1" 200 5332 "-" "PostmanRuntime/7.26.8"
::1 - - [25/Nov/2020:10:23:43 +0000] "GET /api/bankdata HTTP/1.1" 200 5332 "-" "PostmanRuntime/7.26.8"
::1 - - [25/Nov/2020:10:23:47 +0000] "GET /api/bankdata HTTP/1.1" 200 5332 "-" "PostmanRuntime/7.26.8"
::1 - - [25/Nov/2020:10:24:03 +0000] "GET /api/countries HTTP/1.1" 302 367 "-" "PostmanRuntime/7.26.8"
::1 - - [25/Nov/2020:10:27:03 +0000] "GET /api/search/dev HTTP/1.1" 302 1009 "-" "PostmanRuntime/7.26.8"
::1 - - [25/Nov/2020:10:27:05 +0000] "GET /api/search/dev HTTP/1.1" 200 976 "-" "PostmanRuntime/7.26.8"
::1 - - [25/Nov/2020:10:27:39 +0000] "GET /api/search/dev HTTP/1.1" 200 976 "-" "PostmanRuntime/7.26.8"
::1 - - [25/Nov/2020:10:28:20 +0000] "GET /api/search/anotherdev HTTP/1.1" 302 160 "-" "PostmanRuntime/7.26.8"
::1 - - [25/Nov/2020:10:28:24 +0000] "GET /api/search/anotherdev HTTP/1.1" 200 127 "-" "PostmanRuntime/7.26.8"
::1 - - [25/Nov/2020:10:34:41 +0000] "GET /api/tags HTTP/1.1" 302 652 "-" "PostmanRuntime/7.26.8"
::1 - - [25/Nov/2020:10:34:43 +0000] "GET /api/tags HTTP/1.1" 200 619 "-" "PostmanRuntime/7.26.8"
::1 - - [25/Nov/2020:10:34:44 +0000] "GET /api/tags HTTP/1.1" 200 619 "-" "PostmanRuntime/7.26.8"
::1 - - [25/Nov/2020:10:34:58 +0000] "GET /api/search/dev HTTP/1.1" 200 976 "-" "PostmanRuntime/7.26.8"
::1 - - [25/Nov/2020:10:35:02 +0000] "GET /api/search/dev HTTP/1.1" 200 976 "-" "PostmanRuntime/7.26.8"
::1 - - [25/Nov/2020:10:35:04 +0000] "GET /api/search/dev HTTP/1.1" 200 976 "-" "PostmanRuntime/7.26.8"
::1 - - [25/Nov/2020:10:35:13 +0000] "GET /api/search/devs HTTP/1.1" 302 102 "-" "PostmanRuntime/7.26.8"
::1 - - [25/Nov/2020:10:35:15 +0000] "GET /api/search/devs HTTP/1.1" 200 69 "-" "PostmanRuntime/7.26.8"
::1 - - [25/Nov/2020:10:37:23 +0000] "GET /api/search/devs HTTP/1.1" 200 69 "-" "PostmanRuntime/7.26.8"
::1 - - [25/Nov/2020:10:37:24 +0000] "GET /api/search/devs HTTP/1.1" 200 69 "-" "PostmanRuntime/7.26.8"
::1 - - [25/Nov/2020:10:49:46 +0000] "GET /api/search/dev HTTP/1.1" 200 976 "-" "PostmanRuntime/7.26.8"
::1 - - [25/Nov/2020:10:50:05 +0000] "GET /api/search/dev HTTP/1.1" 200 976 "-" "PostmanRuntime/7.26.8"
::1 - - [25/Nov/2020:10:50:45 +0000] "GET /api/search/dev HTTP/1.1" 200 976 "-" "PostmanRuntime/7.26.8"
::1 - - [25/Nov/2020:10:53:48 +0000] "GET /api/search/dev HTTP/1.1" 200 976 "-" "PostmanRuntime/7.26.8"
::1 - - [25/Nov/2020:10:53:50 +0000] "GET /api/search/dev HTTP/1.1" 200 976 "-" "PostmanRuntime/7.26.8"
::1 - - [25/Nov/2020:10:54:37 +0000] "GET /api/search/dev HTTP/1.1" 200 976 "-" "PostmanRuntime/7.26.8"
::1 - - [25/Nov/2020:10:55:26 +0000] "GET /api/search/dev HTTP/1.1" 200 976 "-" "PostmanRuntime/7.26.8"
::1 - - [25/Nov/2020:10:55:34 +0000] "GET /api/search/dev HTTP/1.1" 200 976 "-" "PostmanRuntime/7.26.8"
::1 - - [25/Nov/2020:10:56:11 +0000] "GET /api/search/dev HTTP/1.1" 200 976 "-" "PostmanRuntime/7.26.8"
::1 - - [25/Nov/2020:10:58:48 +0000] "GET /api/search/dev HTTP/1.1" 200 976 "-" "PostmanRuntime/7.26.8"
::1 - - [25/Nov/2020:10:58:49 +0000] "GET /api/search/dev HTTP/1.1" 200 976 "-" "PostmanRuntime/7.26.8"
::1 - - [25/Nov/2020:10:58:50 +0000] "GET /api/search/dev HTTP/1.1" 200 976 "-" "PostmanRuntime/7.26.8"
::1 - - [25/Nov/2020:11:29:57 +0000] "GET /api/search/dev HTTP/1.1" 302 1009 "-" "PostmanRuntime/7.26.8"
::1 - - [26/Nov/2020:12:30:55 +0000] "GET /api/search/dev HTTP/1.1" 500 2015 "-" "PostmanRuntime/7.26.8"
::1 - - [26/Nov/2020:12:31:47 +0000] "GET /api/search/dev HTTP/1.1" 302 1009 "-" "PostmanRuntime/7.26.8"
::1 - - [26/Nov/2020:12:32:10 +0000] "GET /api/search/dev HTTP/1.1" 200 976 "-" "PostmanRuntime/7.26.8"
::1 - - [26/Nov/2020:12:32:11 +0000] "GET /api/search/dev HTTP/1.1" 200 976 "-" "PostmanRuntime/7.26.8"
::1 - - [26/Nov/2020:12:32:43 +0000] "POST /api/user/signin HTTP/1.1" 202 208 "-" "PostmanRuntime/7.26.8"
::1 - - [26/Nov/2020:12:32:57 +0000] "GET /api/log/transactions HTTP/1.1" 302 910 "-" "PostmanRuntime/7.26.8"
::1 - - [26/Nov/2020:12:33:00 +0000] "GET /api/log/transactions HTTP/1.1" 200 877 "-" "PostmanRuntime/7.26.8"
::1 - - [26/Nov/2020:12:33:02 +0000] "GET /api/log/transactions HTTP/1.1" 200 877 "-" "PostmanRuntime/7.26.8"
::1 - - [26/Nov/2020:12:34:06 +0000] "GET /api/search/dev HTTP/1.1" 302 1009 "-" "PostmanRuntime/7.26.8"
::1 - - [26/Nov/2020:12:34:08 +0000] "GET /api/search/dev HTTP/1.1" 200 976 "-" "PostmanRuntime/7.26.8"
::1 - - [26/Nov/2020:12:34:09 +0000] "GET /api/search/dev HTTP/1.1" 200 976 "-" "PostmanRuntime/7.26.8"
::1 - - [26/Nov/2020:12:34:21 +0000] "GET /api/user/profile/@anotherdev HTTP/1.1" 302 920 "-" "PostmanRuntime/7.26.8"
::1 - - [26/Nov/2020:12:34:24 +0000] "GET /api/user/profile/@anotherdev HTTP/1.1" 200 887 "-" "PostmanRuntime/7.26.8"
::1 - - [26/Nov/2020:12:34:27 +0000] "GET /api/user/profile/@anotherdev HTTP/1.1" 200 887 "-" "PostmanRuntime/7.26.8"
::1 - - [26/Nov/2020:12:34:31 +0000] "GET /api/user/profile/@anotherdev HTTP/1.1" 200 887 "-" "PostmanRuntime/7.26.8"
::1 - - [26/Nov/2020:12:34:38 +0000] "GET /api/user/profile/@anotherdev HTTP/1.1" 200 887 "-" "PostmanRuntime/7.26.8"
::1 - - [26/Nov/2020:12:35:27 +0000] "GET /api/search/dev HTTP/1.1" 200 976 "-" "PostmanRuntime/7.26.8"
::1 - - [26/Nov/2020:12:35:29 +0000] "GET /api/search/dev HTTP/1.1" 200 976 "-" "PostmanRuntime/7.26.8"
::1 - - [26/Nov/2020:12:35:30 +0000] "GET /api/search/dev HTTP/1.1" 200 976 "-" "PostmanRuntime/7.26.8"
::1 - - [26/Nov/2020:12:35:42 +0000] "GET /api/search/anotherdev HTTP/1.1" 302 160 "-" "PostmanRuntime/7.26.8"
::1 - - [26/Nov/2020:12:35:46 +0000] "GET /api/search/anotherdev HTTP/1.1" 200 127 "-" "PostmanRuntime/7.26.8"
::1 - - [26/Nov/2020:12:35:47 +0000] "GET /api/search/anotherdev HTTP/1.1" 200 127 "-" "PostmanRuntime/7.26.8"
::1 - - [26/Nov/2020:12:35:55 +0000] "GET /api/search/dev HTTP/1.1" 302 1009 "-" "PostmanRuntime/7.26.8"
::1 - - [26/Nov/2020:12:35:57 +0000] "GET /api/search/dev HTTP/1.1" 200 976 "-" "PostmanRuntime/7.26.8"
::1 - - [26/Nov/2020:12:36:47 +0000] "GET /api/tags HTTP/1.1" 302 652 "-" "PostmanRuntime/7.26.8"
::1 - - [26/Nov/2020:12:36:49 +0000] "GET /api/tags HTTP/1.1" 200 619 "-" "PostmanRuntime/7.26.8"
::1 - - [26/Nov/2020:12:36:51 +0000] "GET /api/tags HTTP/1.1" 200 619 "-" "PostmanRuntime/7.26.8"
::1 - - [02/Dec/2020:08:51:29 +0000] "POST /api/user/signin HTTP/1.1" 202 208 "-" "PostmanRuntime/7.26.8"
::1 - - [02/Dec/2020:08:53:42 +0000] "POST /api/user/signin HTTP/1.1" 202 208 "-" "PostmanRuntime/7.26.8"
::1 - - [02/Dec/2020:09:00:06 +0000] "POST /api/user/pay/5fae67a3c247d04260e10e61 HTTP/1.1" 202 169 "-" "PostmanRuntime/7.26.8"
::1 - - [02/Dec/2020:09:01:02 +0000] "POST /api/user/pay/5fae67a3c247d04260e10e61 HTTP/1.1" 202 169 "-" "PostmanRuntime/7.26.8"
::1 - - [02/Dec/2020:09:03:21 +0000] "POST /api/create HTTP/1.1" 201 1950 "-" "PostmanRuntime/7.26.8"
::1 - - [02/Dec/2020:09:04:41 +0000] "POST /api/user/pay/5fc758599da6f71f6420fba2 HTTP/1.1" 401 57 "-" "PostmanRuntime/7.26.8"
::1 - - [02/Dec/2020:09:05:13 +0000] "POST /api/user/signin HTTP/1.1" 202 208 "-" "PostmanRuntime/7.26.8"
::1 - - [02/Dec/2020:09:05:40 +0000] "POST /api/user/pay/5fc758599da6f71f6420fba2 HTTP/1.1" 202 169 "-" "PostmanRuntime/7.26.8"
::1 - - [02/Dec/2020:09:07:27 +0000] "POST /api/payment/webhook HTTP/1.1" 200 2 "-" "-"
::1 - - [02/Dec/2020:09:30:43 +0000] "POST /api/user/pay/5fc758599da6f71f6420fba2 HTTP/1.1" 202 169 "-" "PostmanRuntime/7.26.8"
::1 - - [02/Dec/2020:09:34:24 +0000] "POST /api/create HTTP/1.1" 201 2013 "-" "PostmanRuntime/7.26.8"
::1 - - [02/Dec/2020:09:37:01 +0000] "POST /api/user/pay/5fc75fa0ad8cce5d30e2c3bb HTTP/1.1" 202 169 "-" "PostmanRuntime/7.26.8"
::1 - - [02/Dec/2020:09:38:12 +0000] "POST /api/payment/webhook HTTP/1.1" 200 2 "-" "-"
::1 - - [02/Dec/2020:10:03:22 +0000] "POST /api/user/pay/5fc75fa0ad8cce5d30e2c3bb HTTP/1.1" 202 169 "-" "PostmanRuntime/7.26.8"
::1 - - [02/Dec/2020:10:06:30 +0000] "POST /api/create HTTP/1.1" 201 2076 "-" "PostmanRuntime/7.26.8"
::1 - - [02/Dec/2020:10:09:05 +0000] "POST /api/user/pay/5fc76725019dd04db8b98f7c HTTP/1.1" 202 169 "-" "PostmanRuntime/7.26.8"
::1 - - [02/Dec/2020:10:11:20 +0000] "POST /api/payment/webhook HTTP/1.1" 200 2 "-" "-"
::1 - - [02/Dec/2020:10:49:46 +0000] "POST /api/user/pay/5fc76725019dd04db8b98f7c HTTP/1.1" 202 169 "-" "PostmanRuntime/7.26.8"
::1 - - [02/Dec/2020:10:52:48 +0000] "POST /api/user/pay/5fc76725019dd04db8b98f7c HTTP/1.1" 401 1658 "-" "PostmanRuntime/7.26.8"
::1 - - [02/Dec/2020:10:56:30 +0000] "POST /api/user/pay/5fc76725019dd04db8b98f7c HTTP/1.1" 202 169 "-" "PostmanRuntime/7.26.8"
::1 - - [02/Dec/2020:10:57:51 +0000] "POST /api/user/signin HTTP/1.1" 404 126 "-" "PostmanRuntime/7.26.8"
::1 - - [02/Dec/2020:10:58:12 +0000] "POST /api/user/signin HTTP/1.1" 202 208 "-" "PostmanRuntime/7.26.8"
::1 - - [02/Dec/2020:10:58:32 +0000] "POST /api/user/pay/5fc76725019dd04db8b98f7c HTTP/1.1" 202 169 "-" "PostmanRuntime/7.26.8"
::1 - - [02/Dec/2020:10:59:36 +0000] "POST /api/payment/webhook HTTP/1.1" 200 2 "-" "-"
::1 - - [02/Dec/2020:11:05:19 +0000] "POST /api/user/pay/5fc76725019dd04db8b98f7c HTTP/1.1" 202 169 "-" "PostmanRuntime/7.26.8"
::1 - - [02/Dec/2020:11:06:51 +0000] "POST /api/payment/webhook HTTP/1.1" 200 2 "-" "-"
::1 - - [02/Dec/2020:11:09:46 +0000] "POST /api/user/pay/5fc76725019dd04db8b98f7c HTTP/1.1" 202 169 "-" "PostmanRuntime/7.26.8"
::1 - - [02/Dec/2020:11:14:22 +0000] "POST /api/create HTTP/1.1" 201 2139 "-" "PostmanRuntime/7.26.8"
::1 - - [02/Dec/2020:11:15:15 +0000] "POST /api/user/pay/5fc7770cb4e71721acc33861 HTTP/1.1" 202 169 "-" "PostmanRuntime/7.26.8"
::1 - - [02/Dec/2020:11:16:43 +0000] "POST /api/payment/webhook HTTP/1.1" 200 2 "-" "-"
::1 - - [02/Dec/2020:11:17:10 +0000] "POST /api/user/pay/5fc7770cb4e71721acc33861 HTTP/1.1" 401 60 "-" "PostmanRuntime/7.26.8"
::1 - - [02/Dec/2020:11:22:14 +0000] "POST /api/user/pay/5faf11d7c4cdac2618305940 HTTP/1.1" 202 169 "-" "PostmanRuntime/7.26.8"
::1 - - [02/Dec/2020:11:27:44 +0000] "POST /api/user/pay/5faf11d7c4cdac2618305940 HTTP/1.1" 202 169 "-" "PostmanRuntime/7.26.8"
::1 - - [02/Dec/2020:11:28:26 +0000] "POST /api/user/signin HTTP/1.1" 404 126 "-" "PostmanRuntime/7.26.8"
::1 - - [02/Dec/2020:11:28:48 +0000] "POST /api/user/signin HTTP/1.1" 202 208 "-" "PostmanRuntime/7.26.8"
::1 - - [02/Dec/2020:11:29:04 +0000] "POST /api/user/pay/5faf11d7c4cdac2618305940 HTTP/1.1" 202 169 "-" "PostmanRuntime/7.26.8"
::1 - - [02/Dec/2020:11:30:31 +0000] "POST /api/payment/webhook HTTP/1.1" 200 2 "-" "-"
::1 - - [02/Dec/2020:11:35:43 +0000] "POST /api/user/pay/5faf11d7c4cdac2618305940 HTTP/1.1" 202 169 "-" "PostmanRuntime/7.26.8"
::1 - - [02/Dec/2020:11:36:39 +0000] "POST /api/payment/webhook HTTP/1.1" 200 2 "-" "-"
::1 - - [02/Dec/2020:11:48:37 +0000] "POST /api/user/pay/5faf11d7c4cdac2618305940 HTTP/1.1" 202 169 "-" "PostmanRuntime/7.26.8"
::1 - - [02/Dec/2020:11:49:26 +0000] "POST /api/payment/webhook HTTP/1.1" 200 2 "-" "-"
::1 - - [02/Dec/2020:11:52:51 +0000] "POST /api/user/pay/5faf11d7c4cdac2618305940 HTTP/1.1" 202 169 "-" "PostmanRuntime/7.26.8"
::1 - - [02/Dec/2020:11:53:46 +0000] "POST /api/payment/webhook HTTP/1.1" 200 2 "-" "-"
::1 - - [02/Dec/2020:11:57:13 +0000] "POST /api/user/pay/5faf11d7c4cdac2618305940 HTTP/1.1" 202 169 "-" "PostmanRuntime/7.26.8"
::1 - - [02/Dec/2020:11:58:17 +0000] "POST /api/payment/webhook HTTP/1.1" 200 2 "-" "-"
::1 - - [05/Jan/2021:09:20:46 +0000] "POST /api/user/signin HTTP/1.1" 202 208 "-" "PostmanRuntime/7.26.8"
::1 - - [05/Jan/2021:09:23:52 +0000] "PUT /api/user/settings/creator HTTP/1.1" 202 287 "-" "PostmanRuntime/7.26.8"
::1 - - [05/Jan/2021:09:24:05 +0000] "PUT /api/user/settings/creator HTTP/1.1" 202 288 "-" "PostmanRuntime/7.26.8"
::1 - - [05/Jan/2021:09:24:36 +0000] "POST /api/create HTTP/1.1" 401 97 "-" "PostmanRuntime/7.26.8"
::1 - - [05/Jan/2021:09:24:48 +0000] "PUT /api/user/settings/creator HTTP/1.1" 202 287 "-" "PostmanRuntime/7.26.8"
::1 - - [05/Jan/2021:09:25:01 +0000] "POST /api/create HTTP/1.1" 401 97 "-" "PostmanRuntime/7.26.8"
::1 - - [05/Jan/2021:09:25:10 +0000] "POST /api/create HTTP/1.1" 401 97 "-" "PostmanRuntime/7.26.8"
::1 - - [05/Jan/2021:09:25:20 +0000] "PUT /api/user/settings/creator HTTP/1.1" 202 287 "-" "PostmanRuntime/7.26.8"
::1 - - [05/Jan/2021:09:25:24 +0000] "POST /api/create HTTP/1.1" 401 97 "-" "PostmanRuntime/7.26.8"
::1 - - [05/Jan/2021:09:25:40 +0000] "GET /api/asset HTTP/1.1" 404 148 "-" "PostmanRuntime/7.26.8"
::1 - - [05/Jan/2021:09:26:10 +0000] "GET /api/log/transactions HTTP/1.1" 401 58 "-" "PostmanRuntime/7.26.8"
::1 - - [05/Jan/2021:09:26:17 +0000] "GET /api/log/transactions HTTP/1.1" 417 44 "-" "PostmanRuntime/7.26.8"
::1 - - [05/Jan/2021:09:26:26 +0000] "GET /api/search/dev HTTP/1.1" 302 1009 "-" "PostmanRuntime/7.26.8"
::1 - - [05/Jan/2021:09:26:46 +0000] "GET /api/tags HTTP/1.1" 302 1639 "-" "PostmanRuntime/7.26.8"
::1 - - [05/Jan/2021:09:27:14 +0000] "GET /api/user/profile/@anotherdev HTTP/1.1" 401 58 "-" "PostmanRuntime/7.26.8"
::1 - - [05/Jan/2021:09:27:23 +0000] "GET /api/user/profile/@anotherdev HTTP/1.1" 302 2279 "-" "PostmanRuntime/7.26.8"
::1 - - [05/Jan/2021:09:27:48 +0000] "GET /api/assetsbyTime HTTP/1.1" 302 1906 "-" "PostmanRuntime/7.26.8"
::1 - - [05/Jan/2021:09:28:22 +0000] "PUT /api/flag/5fae67a3c247d04260e10e61 HTTP/1.1" 202 63 "-" "PostmanRuntime/7.26.8"
::1 - - [05/Jan/2021:09:28:32 +0000] "PUT /api/flag/5fae67a3c247d04260e10e61 HTTP/1.1" 401 59 "-" "PostmanRuntime/7.26.8"
::1 - - [05/Jan/2021:09:28:44 +0000] "GET /api/bankdata HTTP/1.1" 302 5365 "-" "PostmanRuntime/7.26.8"
::1 - - [05/Jan/2021:09:28:55 +0000] "GET /api/countries HTTP/1.1" 302 367 "-" "PostmanRuntime/7.26.8"
::1 - - [05/Jan/2021:09:41:20 +0000] "POST /api/user/pay/5fae67a3c247d04260e10e61 HTTP/1.1" 202 169 "-" "PostmanRuntime/7.26.8"
::1 - - [05/Jan/2021:09:48:25 +0000] "POST /api/user/pay/5fae67a3c247d04260e10e61 HTTP/1.1" 202 169 "-" "PostmanRuntime/7.26.8"
::1 - - [05/Jan/2021:09:50:13 +0000] "POST /api/user/pay/5faf11d7c4cdac2618305940 HTTP/1.1" 202 169 "-" "PostmanRuntime/7.26.8"
::1 - - [05/Jan/2021:09:51:27 +0000] "POST /api/user/pay/5faf11d7c4cdac2618305940 HTTP/1.1" 202 169 "-" "PostmanRuntime/7.26.8"
::1 - - [05/Jan/2021:09:53:14 +0000] "POST /api/user/pay/5faf11d7c4cdac2618305940 HTTP/1.1" 401 1621 "-" "PostmanRuntime/7.26.8"
::1 - - [05/Jan/2021:09:54:36 +0000] "POST /api/user/pay/5faf11d7c4cdac2618305940 HTTP/1.1" 202 169 "-" "PostmanRuntime/7.26.8"
::1 - - [05/Jan/2021:09:56:36 +0000] "POST /api/payment/webhook HTTP/1.1" 200 2 "-" "-"
::ffff:127.0.0.1 - - [05/Jan/2021:10:20:10 +0000] "POST /api/user/pay/5faf11d7c4cdac2618305940 HTTP/1.1" 202 169 "-" "PostmanRuntime/7.26.8"
::1 - - [05/Jan/2021:10:31:22 +0000] "POST /api/user/signin HTTP/1.1" 202 208 "-" "PostmanRuntime/7.26.8"
::1 - - [05/Jan/2021:10:32:00 +0000] "POST /api/create HTTP/1.1" 500 156 "-" "PostmanRuntime/7.26.8"
::1 - - [05/Jan/2021:10:34:42 +0000] "POST /api/create HTTP/1.1" - - "-" "PostmanRuntime/7.26.8"
::1 - - [05/Jan/2021:10:37:29 +0000] "POST /api/create HTTP/1.1" 201 1995 "-" "PostmanRuntime/7.26.8"
::1 - - [05/Jan/2021:10:40:12 +0000] "POST /api/user/pay/5ff441696d13ba447c7306ac HTTP/1.1" 202 169 "-" "PostmanRuntime/7.26.8"
::1 - - [05/Jan/2021:10:41:26 +0000] "POST /api/payment/webhook HTTP/1.1" 200 2 "-" "-"
::1 - - [05/Jan/2021:11:09:16 +0000] "POST /api/user/pay/5ff441696d13ba447c7306ab HTTP/1.1" 202 169 "-" "PostmanRuntime/7.26.8"
::1 - - [05/Jan/2021:11:11:19 +0000] "POST /api/user/pay/5ff441696d13ba447c7306ab HTTP/1.1" 202 169 "-" "PostmanRuntime/7.26.8"
::1 - - [05/Jan/2021:11:12:54 +0000] "POST /api/user/pay/5ff441696d13ba447c7306ab HTTP/1.1" 401 52 "-" "PostmanRuntime/7.26.8"
::ffff:127.0.0.1 - - [05/Jan/2021:11:17:38 +0000] "POST /api/user/pay/5ff441696d13ba447c7306ab HTTP/1.1" 401 82 "-" "PostmanRuntime/7.26.8"
::1 - - [05/Jan/2021:11:18:24 +0000] "POST /api/user/pay/5ff441696d13ba447c7306ab HTTP/1.1" 401 78 "-" "PostmanRuntime/7.26.8"
::1 - - [05/Jan/2021:11:20:23 +0000] "POST /api/user/pay/5ff441696d13ba447c7306ab HTTP/1.1" 401 78 "-" "PostmanRuntime/7.26.8"
::1 - - [05/Jan/2021:11:23:12 +0000] "POST /api/user/pay/5ff441696d13ba447c7306ab HTTP/1.1" 202 169 "-" "PostmanRuntime/7.26.8"
::1 - - [05/Jan/2021:11:30:34 +0000] "POST /api/user/pay/5ff441696d13ba447c7306ab HTTP/1.1" 401 52 "-" "PostmanRuntime/7.26.8"
::1 - - [05/Jan/2021:11:31:11 +0000] "POST /api/user/pay/5ff441696d13ba447c7306ab HTTP/1.1" 202 169 "-" "PostmanRuntime/7.26.8"
::1 - - [05/Jan/2021:11:47:54 +0000] "POST /api/user/pay/5ff441696d13ba447c7306ab HTTP/1.1" 202 169 "-" "PostmanRuntime/7.26.8"
::1 - - [05/Jan/2021:11:49:06 +0000] "POST /api/payment/webhook HTTP/1.1" 200 2 "-" "-"
::1 - - [05/Jan/2021:11:55:20 +0000] "POST /api/create HTTP/1.1" 201 1985 "-" "PostmanRuntime/7.26.8"
::1 - - [05/Jan/2021:11:59:03 +0000] "POST /api/user/pay/5ff453a764909d7ae8534943 HTTP/1.1" 202 169 "-" "PostmanRuntime/7.26.8"
::1 - - [05/Jan/2021:12:00:42 +0000] "POST /api/payment/webhook HTTP/1.1" 200 2 "-" "-"
::1 - - [05/Jan/2021:12:04:08 +0000] "POST /api/create HTTP/1.1" 201 1985 "-" "PostmanRuntime/7.26.8"
::1 - - [05/Jan/2021:20:25:52 +0000] "POST /api/create HTTP/1.1" - - "-" "PostmanRuntime/7.26.8"
::1 - - [05/Jan/2021:23:58:11 +0000] "POST /api/create HTTP/1.1" 401 58 "-" "PostmanRuntime/7.26.8"
::1 - - [05/Jan/2021:23:58:26 +0000] "POST /api/user/signin HTTP/1.1" 202 208 "-" "PostmanRuntime/7.26.8"
::1 - - [05/Jan/2021:23:59:59 +0000] "POST /api/create HTTP/1.1" 201 2003 "-" "PostmanRuntime/7.26.8"
::1 - - [06/Jan/2021:00:15:30 +0000] "GET /api/search/dev HTTP/1.1" 302 536 "-" "PostmanRuntime/7.26.8"
::1 - - [06/Jan/2021:00:16:27 +0000] "GET /api/search/dev HTTP/1.1" 200 503 "-" "PostmanRuntime/7.26.8"
::1 - - [06/Jan/2021:17:32:30 +0000] "POST /api/user/signin HTTP/1.1" 202 208 "-" "PostmanRuntime/7.26.8"
::1 - - [06/Jan/2021:17:33:21 +0000] "POST /api/user/pay/5ff453a764909d7ae8534943 HTTP/1.1" 401 60 "-" "PostmanRuntime/7.26.8"
::1 - - [06/Jan/2021:17:35:17 +0000] "POST /api/user/pay/5ff4fd7f1e790528482ff720 HTTP/1.1" 202 169 "-" "PostmanRuntime/7.26.8"
::1 - - [06/Jan/2021:17:37:00 +0000] "POST /api/payment/webhook HTTP/1.1" 200 2 "-" "-"
::1 - - [07/Jan/2021:01:27:45 +0000] "GET /api/asset HTTP/1.1" 404 148 "-" "PostmanRuntime/7.26.8"
::1 - - [07/Jan/2021:01:28:05 +0000] "GET /api/tags HTTP/1.1" 200 340 "-" "PostmanRuntime/7.26.8"
::1 - - [07/Jan/2021:01:28:42 +0000] "GET /api/assetsbyTime HTTP/1.1" 302 407 "-" "PostmanRuntime/7.26.8"
::1 - - [07/Jan/2021:01:31:41 +0000] "GET /api/search/dev HTTP/1.1" 302 521 "-" "PostmanRuntime/7.26.8"
::1 - - [07/Jan/2021:01:31:57 +0000] "GET /api/tags HTTP/1.1" 200 340 "-" "PostmanRuntime/7.26.8"
::1 - - [07/Jan/2021:01:45:51 +0000] "GET / HTTP/1.1" 200 189 "-" "Mozilla/5.0 (Windows NT 10.0; Win64; x64) AppleWebKit/537.36 (KHTML, like Gecko) Chrome/87.0.4280.88 Safari/537.36"
::1 - - [07/Jan/2021:01:45:52 +0000] "GET /favicon.ico HTTP/1.1" 404 150 "http://9fddc3a16aec.ngrok.io/" "Mozilla/5.0 (Windows NT 10.0; Win64; x64) AppleWebKit/537.36 (KHTML, like Gecko) Chrome/87.0.4280.88 Safari/537.36"
::1 - - [07/Jan/2021:12:08:45 +0000] "POST /api/user/pay/5ff455b8a54d6750dce8ade0 HTTP/1.1" 401 58 "-" "PostmanRuntime/7.26.8"
::1 - - [07/Jan/2021:12:08:55 +0000] "POST /api/user/signin HTTP/1.1" 202 208 "-" "PostmanRuntime/7.26.8"
::1 - - [07/Jan/2021:12:09:18 +0000] "POST /api/user/pay/5ff455b8a54d6750dce8ade0 HTTP/1.1" 202 169 "-" "PostmanRuntime/7.26.8"
::1 - - [07/Jan/2021:12:12:16 +0000] "POST /api/user/pay/5ff455b8a54d6750dce8ade0 HTTP/1.1" 202 169 "-" "PostmanRuntime/7.26.8"
::1 - - [07/Jan/2021:12:19:11 +0000] "POST /api/user/signin HTTP/1.1" 202 208 "-" "PostmanRuntime/7.26.8"
::1 - - [07/Jan/2021:12:20:18 +0000] "POST /api/create HTTP/1.1" 201 2003 "-" "PostmanRuntime/7.26.8"
::1 - - [07/Jan/2021:12:20:49 +0000] "POST /api/user/signin HTTP/1.1" 202 208 "-" "PostmanRuntime/7.26.8"
::1 - - [07/Jan/2021:12:21:10 +0000] "POST /api/create HTTP/1.1" 201 2065 "-" "PostmanRuntime/7.26.8"
::1 - - [07/Jan/2021:12:23:47 +0000] "POST /api/create HTTP/1.1" 400 1594 "-" "PostmanRuntime/7.26.8"
::1 - - [07/Jan/2021:12:25:19 +0000] "POST /api/create HTTP/1.1" 201 1996 "-" "PostmanRuntime/7.26.8"
::1 - - [07/Jan/2021:12:27:09 +0000] "POST /api/create HTTP/1.1" 201 1996 "-" "PostmanRuntime/7.26.8"
::1 - - [07/Jan/2021:12:29:13 +0000] "POST /api/create HTTP/1.1" 201 1986 "-" "PostmanRuntime/7.26.8"
::1 - - [07/Jan/2021:12:31:41 +0000] "POST /api/user/pay/5ff6fe98c747776ecc49b279 HTTP/1.1" 202 169 "-" "PostmanRuntime/7.26.8"
::1 - - [07/Jan/2021:12:32:38 +0000] "POST /api/payment/webhook HTTP/1.1" 200 2 "-" "-"
::1 - - [07/Jan/2021:12:42:48 +0000] "POST /api/user/pay/5ff6fe1dc747776ecc49b278 HTTP/1.1" 202 169 "-" "PostmanRuntime/7.26.8"
::1 - - [07/Jan/2021:12:45:22 +0000] "POST /api/user/pay/5ff6fdafc747776ecc49b277 HTTP/1.1" 202 169 "-" "PostmanRuntime/7.26.8"
::1 - - [07/Jan/2021:12:46:19 +0000] "POST /api/payment/webhook HTTP/1.1" 200 2 "-" "-"
::1 - - [07/Jan/2021:14:11:34 +0000] "POST /api/user/pay/5ff6fcb6c747776ecc49b276 HTTP/1.1" 202 169 "-" "PostmanRuntime/7.26.8"
::1 - - [07/Jan/2021:14:12:57 +0000] "POST /api/payment/webhook HTTP/1.1" 200 2 "-" "-"
::1 - - [07/Jan/2021:14:14:26 +0000] "POST /api/user/pay/5ff6fcb6c747776ecc49b276 HTTP/1.1" 202 169 "-" "PostmanRuntime/7.26.8"
::1 - - [07/Jan/2021:14:15:22 +0000] "POST /api/user/pay/5ff6fc82c747776ecc49b275 HTTP/1.1" 202 169 "-" "PostmanRuntime/7.26.8"
::1 - - [07/Jan/2021:14:17:08 +0000] "POST /api/payment/webhook HTTP/1.1" 200 2 "-" "-"
::1 - - [07/Jan/2021:14:42:42 +0000] "POST /api/create HTTP/1.1" 201 2090 "-" "PostmanRuntime/7.26.8"
::1 - - [07/Jan/2021:14:43:31 +0000] "POST /api/user/pay/5ff71de1d326d6950cf30b9c HTTP/1.1" 202 169 "-" "PostmanRuntime/7.26.8"
::1 - - [07/Jan/2021:14:44:57 +0000] "PUT /api/user/settings/creator HTTP/1.1" 401 58 "-" "PostmanRuntime/7.26.8"
::1 - - [07/Jan/2021:14:45:22 +0000] "PUT /api/user/settings/creator HTTP/1.1" 202 290 "-" "PostmanRuntime/7.26.8"
::1 - - [07/Jan/2021:14:45:35 +0000] "PUT /api/user/settings/creator HTTP/1.1" 202 291 "-" "PostmanRuntime/7.26.8"
::ffff:127.0.0.1 - - [07/Jan/2021:14:46:15 +0000] "PUT /api/user/settings/creator HTTP/1.1" 202 290 "-" "PostmanRuntime/7.26.8"
::1 - - [07/Jan/2021:14:49:34 +0000] "POST /api/payment/webhook HTTP/1.1" 200 2 "-" "-"
::1 - - [07/Jan/2021:15:16:27 +0000] "POST /api/user/payment/webhook HTTP/1.1" 404 164 "-" "PostmanRuntime/7.26.8"
::1 - - [07/Jan/2021:15:16:49 +0000] "POST /api/payment/webhook HTTP/1.1" 401 73 "-" "PostmanRuntime/7.26.8"
::1 - - [07/Jan/2021:15:18:13 +0000] "POST /api/payment/webhook HTTP/1.1" 401 73 "-" "PostmanRuntime/7.26.8"
::1 - - [07/Jan/2021:15:18:30 +0000] "POST /api/payment/webhook HTTP/1.1" 401 73 "-" "PostmanRuntime/7.26.8"
::1 - - [07/Jan/2021:18:00:43 +0000] "POST /api/user/signin HTTP/1.1" 202 208 "-" "PostmanRuntime/7.26.8"
::1 - - [07/Jan/2021:18:01:13 +0000] "POST /api/user/pay/5ff71de1d326d6950cf30b9c HTTP/1.1" 401 60 "-" "PostmanRuntime/7.26.8"
::1 - - [07/Jan/2021:18:02:15 +0000] "POST /api/create HTTP/1.1" 500 156 "-" "PostmanRuntime/7.26.8"
::1 - - [07/Jan/2021:18:09:19 +0000] "POST /api/user/pay/5ff74da1fdd60f0004bbb5ce HTTP/1.1" 202 169 "-" "PostmanRuntime/7.26.8"
